<?xml version="1.0" encoding="UTF-8"?>
<robot generator="Robot 6.1.1 (Python 3.11.4 on win32)" generated="20230817 20:43:16.507" rpa="false" schemaversion="4">
<suite id="s1" name="Api Testing Usuarios" source="c:\Users\Carol Lemes\Documents\2. Cursos\api-serve-ret-modulo4-curso-Maya\tests\api_testing_usuarios.robot">
<test id="s1-t1" name="Logar com o novo usuário criado" line="26">
<kw name="Criar um usuário novo" library="api_testing_usuarios">
<kw name="Generate Random String" library="String">
<var>${palavra_aleatoria}</var>
<arg>length=4</arg>
<arg>chars=[LETTERS]</arg>
<doc>Generates a string with a desired ``length`` from the given ``chars``.</doc>
<msg timestamp="20230817 20:43:16.649" level="INFO">${palavra_aleatoria} = CaGh</msg>
<status status="PASS" starttime="20230817 20:43:16.649" endtime="20230817 20:43:16.652"/>
</kw>
<kw name="Convert To Lower Case" library="String">
<var>${palavra_aleatoria}</var>
<arg>${palavra_aleatoria}</arg>
<doc>Converts string to lower case.</doc>
<msg timestamp="20230817 20:43:16.653" level="INFO">${palavra_aleatoria} = cagh</msg>
<status status="PASS" starttime="20230817 20:43:16.652" endtime="20230817 20:43:16.653"/>
</kw>
<kw name="Set Test Variable" library="BuiltIn">
<arg>${EMAIL_TEST}</arg>
<arg>${palavra_aleatoria}@yopmail.com</arg>
<doc>Makes a variable available everywhere within the scope of the current test.</doc>
<msg timestamp="20230817 20:43:16.654" level="INFO">${EMAIL_TEST} = cagh@yopmail.com</msg>
<status status="PASS" starttime="20230817 20:43:16.653" endtime="20230817 20:43:16.654"/>
</kw>
<status status="PASS" starttime="20230817 20:43:16.648" endtime="20230817 20:43:16.654"/>
</kw>
<kw name="Cadastrar o usuário criado na ServeRest" library="api_testing_usuarios">
<arg>${EMAIL_TEST}</arg>
<arg>201</arg>
<kw name="Create Dictionary" library="BuiltIn">
<var>${body}</var>
<arg>nome=Carol Teste API Maya</arg>
<arg>email=${EMAIL_TEST}</arg>
<arg>password=Password123@</arg>
<arg>administrador=true</arg>
<doc>Creates and returns a dictionary based on the given ``items``.</doc>
<msg timestamp="20230817 20:43:16.656" level="INFO">${body} = {'nome': 'Carol Teste API Maya', 'email': 'cagh@yopmail.com', 'password': 'Password123@', 'administrador': 'true'}</msg>
<status status="PASS" starttime="20230817 20:43:16.655" endtime="20230817 20:43:16.656"/>
</kw>
<kw name="Criar Sessão na ServeRest" library="api_testing_usuarios">
<kw name="Create Dictionary" library="BuiltIn">
<var>${headers}</var>
<arg>accept=application/json</arg>
<arg>Content-Type=application/json</arg>
<doc>Creates and returns a dictionary based on the given ``items``.</doc>
<msg timestamp="20230817 20:43:16.657" level="INFO">${headers} = {'accept': 'application/json', 'Content-Type': 'application/json'}</msg>
<status status="PASS" starttime="20230817 20:43:16.656" endtime="20230817 20:43:16.657"/>
</kw>
<kw name="Create Session" library="RequestsLibrary">
<arg>alias=ServeRest</arg>
<arg>url=https://serverest.dev</arg>
<arg>headers=${headers}</arg>
<doc>Create Session: create a HTTP session to a server</doc>
<msg timestamp="20230817 20:43:16.658" level="INFO">Creating Session using : alias=ServeRest, url=https://serverest.dev, headers={'accept': 'application/json', 'Content-Type': 'application/json'},                     cookies={}, auth=None, timeout=None, proxies=None, verify=False,                     debug=0 </msg>
<status status="PASS" starttime="20230817 20:43:16.657" endtime="20230817 20:43:16.658"/>
</kw>
<status status="PASS" starttime="20230817 20:43:16.656" endtime="20230817 20:43:16.658"/>
</kw>
<kw name="POST On Session" library="RequestsLibrary">
<var>${resposta}</var>
<arg>alias=ServeRest</arg>
<arg>url=/usuarios</arg>
<arg>json=${body}</arg>
<arg>expected_status=${status_code_desejado}</arg>
<doc>Sends a POST request on a previously created HTTP Session.</doc>
<msg timestamp="20230817 20:43:17.186" level="INFO">POST Request : url=https://serverest.dev/usuarios 
 path_url=/usuarios 
 headers={'User-Agent': 'python-requests/2.31.0', 'Accept-Encoding': 'gzip, deflate', 'accept': 'application/json', 'Connection': 'keep-alive', 'Content-Type': 'application/json', 'Content-Length': '114'} 
 body=b'{"nome": "Carol Teste API Maya", "email": "cagh@yopmail.com", "password": "Password123@", "administrador": "true"}' 
 </msg>
<msg timestamp="20230817 20:43:17.186" level="INFO">POST Response : url=https://serverest.dev/usuarios 
 status=201, reason=Created 
 headers={'access-control-allow-origin': '*', 'x-dns-prefetch-control': 'off', 'x-frame-options': 'SAMEORIGIN', 'strict-transport-security': 'max-age=15552000; includeSubDomains', 'x-download-options': 'noopen', 'x-content-type-options': 'nosniff', 'x-xss-protection': '1; mode=block', 'x-moesif-transaction-id': 'ccddab4a-cce6-4c01-af1e-46fc427f4854', 'content-type': 'application/json; charset=utf-8', 'X-Cloud-Trace-Context': '7dbd897e6eec820db1b7949ac437b9b3', 'Date': 'Thu, 17 Aug 2023 23:43:17 GMT', 'Server': 'Google Frontend', 'Content-Length': '82'} 
 body={
    "message": "Cadastro realizado com sucesso",
    "_id": "Qo31sCBwkWSS3NcI"
} 
 </msg>
<msg timestamp="20230817 20:43:17.186" level="INFO">C:\Users\Carol Lemes\AppData\Local\Programs\Python\Python311\Lib\site-packages\urllib3\connectionpool.py:1095: InsecureRequestWarning: Unverified HTTPS request is being made to host 'serverest.dev'. Adding certificate verification is strongly advised. See: https://urllib3.readthedocs.io/en/latest/advanced-usage.html#tls-warnings
  warnings.warn(</msg>
<msg timestamp="20230817 20:43:17.187" level="INFO">${resposta} = &lt;Response [201]&gt;</msg>
<status status="PASS" starttime="20230817 20:43:16.658" endtime="20230817 20:43:17.188"/>
</kw>
<kw name="Log" library="BuiltIn">
<arg>${resposta.json()}</arg>
<doc>Logs the given message with the given level.</doc>
<msg timestamp="20230817 20:43:17.188" level="INFO">{'message': 'Cadastro realizado com sucesso', '_id': 'Qo31sCBwkWSS3NcI'}</msg>
<status status="PASS" starttime="20230817 20:43:17.188" endtime="20230817 20:43:17.189"/>
</kw>
<if>
<branch type="IF" condition="'_id' in ${resposta.json()}">
<kw name="Set Test Variable" library="BuiltIn">
<arg>${ID_USUARIO}</arg>
<arg>${resposta.json()["_id"]}</arg>
<doc>Makes a variable available everywhere within the scope of the current test.</doc>
<msg timestamp="20230817 20:43:17.190" level="INFO">${ID_USUARIO} = Qo31sCBwkWSS3NcI</msg>
<status status="PASS" starttime="20230817 20:43:17.189" endtime="20230817 20:43:17.190"/>
</kw>
<status status="PASS" starttime="20230817 20:43:17.189" endtime="20230817 20:43:17.190"/>
</branch>
<status status="PASS" starttime="20230817 20:43:17.189" endtime="20230817 20:43:17.191"/>
</if>
<kw name="Set Test Variable" library="BuiltIn">
<arg>${RESPOSTA}</arg>
<arg>${resposta.json()}</arg>
<doc>Makes a variable available everywhere within the scope of the current test.</doc>
<msg timestamp="20230817 20:43:17.191" level="INFO">${RESPOSTA} = {'message': 'Cadastro realizado com sucesso', '_id': 'Qo31sCBwkWSS3NcI'}</msg>
<status status="PASS" starttime="20230817 20:43:17.191" endtime="20230817 20:43:17.191"/>
</kw>
<status status="PASS" starttime="20230817 20:43:16.655" endtime="20230817 20:43:17.191"/>
</kw>
<kw name="Realizar Login com o usuário" library="api_testing_usuarios">
<kw name="POST On Session" library="RequestsLibrary">
<var>${resposta_login}</var>
<arg>alias=ServeRest</arg>
<arg>url=/login</arg>
<doc>Sends a POST request on a previously created HTTP Session.</doc>
<msg timestamp="20230817 20:43:17.353" level="INFO">POST Request : url=https://serverest.dev/login 
 path_url=/login 
 headers={'User-Agent': 'python-requests/2.31.0', 'Accept-Encoding': 'gzip, deflate', 'accept': 'application/json', 'Connection': 'keep-alive', 'Content-Type': 'application/json', 'Content-Length': '0'} 
 body=None 
 </msg>
<msg timestamp="20230817 20:43:17.353" level="INFO">POST Response : url=https://serverest.dev/login 
 status=400, reason=Bad Request 
 headers={'access-control-allow-origin': '*', 'x-dns-prefetch-control': 'off', 'x-frame-options': 'SAMEORIGIN', 'strict-transport-security': 'max-age=15552000; includeSubDomains', 'x-download-options': 'noopen', 'x-content-type-options': 'nosniff', 'x-xss-protection': '1; mode=block', 'x-moesif-transaction-id': 'ae0e2a5a-3047-4270-a9a6-69f0419b70ac', 'content-type': 'application/json; charset=utf-8', 'X-Cloud-Trace-Context': '6a0805fb0322e42ce7a199c490a54f38', 'Date': 'Thu, 17 Aug 2023 23:43:17 GMT', 'Server': 'Google Frontend', 'Content-Length': '84'} 
 body={
    "email": "email é obrigatório",
    "password": "password é obrigatório"
} 
 </msg>
<msg timestamp="20230817 20:43:17.353" level="INFO">C:\Users\Carol Lemes\AppData\Local\Programs\Python\Python311\Lib\site-packages\urllib3\connectionpool.py:1095: InsecureRequestWarning: Unverified HTTPS request is being made to host 'serverest.dev'. Adding certificate verification is strongly advised. See: https://urllib3.readthedocs.io/en/latest/advanced-usage.html#tls-warnings
  warnings.warn(</msg>
<msg timestamp="20230817 20:43:17.354" level="FAIL">HTTPError: 400 Client Error: Bad Request for url: https://serverest.dev/login</msg>
<status status="FAIL" starttime="20230817 20:43:17.194" endtime="20230817 20:43:17.383"/>
</kw>
<kw name="Log" library="BuiltIn">
<arg>${resposta_login.json()}</arg>
<doc>Logs the given message with the given level.</doc>
<status status="NOT RUN" starttime="20230817 20:43:17.383" endtime="20230817 20:43:17.383"/>
</kw>
<status status="FAIL" starttime="20230817 20:43:17.192" endtime="20230817 20:43:17.384"/>
</kw>
<status status="FAIL" starttime="20230817 20:43:16.648" endtime="20230817 20:43:17.385">HTTPError: 400 Client Error: Bad Request for url: https://serverest.dev/login</status>
</test>
<status status="FAIL" starttime="20230817 20:43:16.512" endtime="20230817 20:43:17.386"/>
</suite>
<statistics>
<total>
<stat pass="0" fail="1" skip="0">All Tests</stat>
</total>
<tag>
</tag>
<suite>
<stat pass="0" fail="1" skip="0" id="s1" name="Api Testing Usuarios">Api Testing Usuarios</stat>
</suite>
</statistics>
<errors>
</errors>
</robot>
