<?xml version="1.0" encoding="UTF-8"?>
<robot generator="Robot 6.1.1 (Python 3.11.4 on win32)" generated="20230816 22:37:16.591" rpa="false" schemaversion="4">
<suite id="s1" name="Api Testing Usuarios" source="c:\Users\Carol Lemes\Documents\2. Cursos\api-serve-ret-modulo4-curso-Maya\tests\api_testing_usuarios.robot">
<test id="s1-t1" name="Cadastrar um novo usuário com sucesso na ServeRest" line="8">
<kw name="Criar um usuário novo" library="api_testing_usuarios">
<kw name="Generate Random String" library="String">
<var>${palavra_aleatoria}</var>
<arg>length=4</arg>
<arg>chars=[LETTERS]</arg>
<doc>Generates a string with a desired ``length`` from the given ``chars``.</doc>
<msg timestamp="20230816 22:37:16.744" level="INFO">${palavra_aleatoria} = mfnU</msg>
<status status="PASS" starttime="20230816 22:37:16.744" endtime="20230816 22:37:16.747"/>
</kw>
<kw name="Convert To Lower Case" library="String">
<var>${palavra_aleatoria}</var>
<arg>${palavra_aleatoria}</arg>
<doc>Converts string to lower case.</doc>
<msg timestamp="20230816 22:37:16.747" level="INFO">${palavra_aleatoria} = mfnu</msg>
<status status="PASS" starttime="20230816 22:37:16.747" endtime="20230816 22:37:16.747"/>
</kw>
<kw name="Set Test Variable" library="BuiltIn">
<arg>${EMAIL_TEST}</arg>
<arg>${palavra_aleatoria}@yopmail.com</arg>
<doc>Makes a variable available everywhere within the scope of the current test.</doc>
<msg timestamp="20230816 22:37:16.749" level="INFO">${EMAIL_TEST} = mfnu@yopmail.com</msg>
<status status="PASS" starttime="20230816 22:37:16.747" endtime="20230816 22:37:16.750"/>
</kw>
<status status="PASS" starttime="20230816 22:37:16.744" endtime="20230816 22:37:16.750"/>
</kw>
<kw name="Cadastrar o usuário criado na ServeRest" library="api_testing_usuarios">
<kw name="Create Dictionary" library="BuiltIn">
<var>${body}</var>
<arg>nome=Carol Teste API Maya</arg>
<arg>email=${EMAIL_TEST}</arg>
<arg>password=Password123@</arg>
<arg>administrador=${TRUE}</arg>
<doc>Creates and returns a dictionary based on the given ``items``.</doc>
<msg timestamp="20230816 22:37:16.752" level="INFO">${body} = {'nome': 'Carol Teste API Maya', 'email': 'mfnu@yopmail.com', 'password': 'Password123@', 'administrador': True}</msg>
<status status="PASS" starttime="20230816 22:37:16.751" endtime="20230816 22:37:16.752"/>
</kw>
<kw name="Criar Sessão na ServeRest" library="api_testing_usuarios">
<kw name="Create Dictionary" library="BuiltIn">
<var>${headers}</var>
<arg>accept=application/json</arg>
<arg>Content-Type=application/json</arg>
<doc>Creates and returns a dictionary based on the given ``items``.</doc>
<msg timestamp="20230816 22:37:16.753" level="INFO">${headers} = {'accept': 'application/json', 'Content-Type': 'application/json'}</msg>
<status status="PASS" starttime="20230816 22:37:16.753" endtime="20230816 22:37:16.754"/>
</kw>
<kw name="Create Session" library="RequestsLibrary">
<arg>alias=ServeRest</arg>
<arg>url=https://serverest.dev</arg>
<arg>headers=${headers}</arg>
<doc>Create Session: create a HTTP session to a server</doc>
<msg timestamp="20230816 22:37:16.755" level="INFO">Creating Session using : alias=ServeRest, url=https://serverest.dev, headers={'accept': 'application/json', 'Content-Type': 'application/json'},                     cookies={}, auth=None, timeout=None, proxies=None, verify=False,                     debug=0 </msg>
<status status="PASS" starttime="20230816 22:37:16.754" endtime="20230816 22:37:16.756"/>
</kw>
<status status="PASS" starttime="20230816 22:37:16.752" endtime="20230816 22:37:16.756"/>
</kw>
<kw name="POST On Session" library="RequestsLibrary">
<var>${resposta}</var>
<arg>alias=ServeRest</arg>
<arg>url=/usuarios</arg>
<arg>json=${body}</arg>
<doc>Sends a POST request on a previously created HTTP Session.</doc>
<msg timestamp="20230816 22:37:17.407" level="INFO">POST Request : url=https://serverest.dev/usuarios 
 path_url=/usuarios 
 headers={'User-Agent': 'python-requests/2.31.0', 'Accept-Encoding': 'gzip, deflate', 'accept': 'application/json', 'Connection': 'keep-alive', 'Content-Type': 'application/json', 'Content-Length': '112'} 
 body=b'{"nome": "Carol Teste API Maya", "email": "mfnu@yopmail.com", "password": "Password123@", "administrador": true}' 
 </msg>
<msg timestamp="20230816 22:37:17.407" level="INFO">POST Response : url=https://serverest.dev/usuarios 
 status=400, reason=Bad Request 
 headers={'access-control-allow-origin': '*', 'x-dns-prefetch-control': 'off', 'x-frame-options': 'SAMEORIGIN', 'strict-transport-security': 'max-age=15552000; includeSubDomains', 'x-download-options': 'noopen', 'x-content-type-options': 'nosniff', 'x-xss-protection': '1; mode=block', 'x-moesif-transaction-id': 'e2212710-f0ae-425f-9303-c984a16ae0d6', 'content-type': 'application/json; charset=utf-8', 'X-Cloud-Trace-Context': '5b13107320efaf2f3e913168baaf2344;o=1', 'Date': 'Thu, 17 Aug 2023 01:37:17 GMT', 'Server': 'Google Frontend', 'Content-Length': '67'} 
 body={
    "administrador": "administrador deve ser 'true' ou 'false'"
} 
 </msg>
<msg timestamp="20230816 22:37:17.407" level="INFO">C:\Users\Carol Lemes\AppData\Local\Programs\Python\Python311\Lib\site-packages\urllib3\connectionpool.py:1095: InsecureRequestWarning: Unverified HTTPS request is being made to host 'serverest.dev'. Adding certificate verification is strongly advised. See: https://urllib3.readthedocs.io/en/latest/advanced-usage.html#tls-warnings
  warnings.warn(</msg>
<msg timestamp="20230816 22:37:17.407" level="FAIL">HTTPError: 400 Client Error: Bad Request for url: https://serverest.dev/usuarios</msg>
<status status="FAIL" starttime="20230816 22:37:16.756" endtime="20230816 22:37:17.425"/>
</kw>
<kw name="Log" library="BuiltIn">
<arg>${resposta.json()}</arg>
<doc>Logs the given message with the given level.</doc>
<status status="NOT RUN" starttime="20230816 22:37:17.425" endtime="20230816 22:37:17.425"/>
</kw>
<status status="FAIL" starttime="20230816 22:37:16.751" endtime="20230816 22:37:17.425"/>
</kw>
<status status="FAIL" starttime="20230816 22:37:16.743" endtime="20230816 22:37:17.425">HTTPError: 400 Client Error: Bad Request for url: https://serverest.dev/usuarios</status>
</test>
<status status="FAIL" starttime="20230816 22:37:16.598" endtime="20230816 22:37:17.427"/>
</suite>
<statistics>
<total>
<stat pass="0" fail="1" skip="0">All Tests</stat>
</total>
<tag>
</tag>
<suite>
<stat pass="0" fail="1" skip="0" id="s1" name="Api Testing Usuarios">Api Testing Usuarios</stat>
</suite>
</statistics>
<errors>
</errors>
</robot>
