<?xml version="1.0" encoding="UTF-8"?>
<robot generator="Robot 6.1.1 (Python 3.11.4 on win32)" generated="20230816 23:17:21.644" rpa="false" schemaversion="4">
<suite id="s1" name="Api Testing Usuarios" source="C:\Users\Carol Lemes\Documents\2. Cursos\api-serve-ret-modulo4-curso-Maya\tests\api_testing_usuarios.robot">
<test id="s1-t1" name="Cadastrar um novo usuário com sucesso na ServeRest" line="8">
<kw name="Criar um usuário novo" library="api_testing_usuarios">
<kw name="Generate Random String" library="String">
<var>${palavra_aleatoria}</var>
<arg>length=4</arg>
<arg>chars=[LETTERS]</arg>
<doc>Generates a string with a desired ``length`` from the given ``chars``.</doc>
<msg timestamp="20230816 23:17:21.757" level="INFO">${palavra_aleatoria} = OOIv</msg>
<status status="PASS" starttime="20230816 23:17:21.757" endtime="20230816 23:17:21.757"/>
</kw>
<kw name="Convert To Lower Case" library="String">
<var>${palavra_aleatoria}</var>
<arg>${palavra_aleatoria}</arg>
<doc>Converts string to lower case.</doc>
<msg timestamp="20230816 23:17:21.757" level="INFO">${palavra_aleatoria} = ooiv</msg>
<status status="PASS" starttime="20230816 23:17:21.757" endtime="20230816 23:17:21.757"/>
</kw>
<kw name="Set Test Variable" library="BuiltIn">
<arg>${EMAIL_TEST}</arg>
<arg>${palavra_aleatoria}@yopmail.com</arg>
<doc>Makes a variable available everywhere within the scope of the current test.</doc>
<msg timestamp="20230816 23:17:21.757" level="INFO">${EMAIL_TEST} = ooiv@yopmail.com</msg>
<status status="PASS" starttime="20230816 23:17:21.757" endtime="20230816 23:17:21.757"/>
</kw>
<status status="PASS" starttime="20230816 23:17:21.757" endtime="20230816 23:17:21.757"/>
</kw>
<kw name="Cadastrar o usuário criado na ServeRest" library="api_testing_usuarios">
<arg>${EMAIL_TEST}</arg>
<arg>201</arg>
<kw name="Create Dictionary" library="BuiltIn">
<var>${body}</var>
<arg>nome=Carol Teste API Maya</arg>
<arg>email=${EMAIL_TEST}</arg>
<arg>password=Password123@</arg>
<arg>administrador=true</arg>
<doc>Creates and returns a dictionary based on the given ``items``.</doc>
<msg timestamp="20230816 23:17:21.757" level="INFO">${body} = {'nome': 'Carol Teste API Maya', 'email': 'ooiv@yopmail.com', 'password': 'Password123@', 'administrador': 'true'}</msg>
<status status="PASS" starttime="20230816 23:17:21.757" endtime="20230816 23:17:21.757"/>
</kw>
<kw name="Criar Sessão na ServeRest" library="api_testing_usuarios">
<kw name="Create Dictionary" library="BuiltIn">
<var>${headers}</var>
<arg>accept=application/json</arg>
<arg>Content-Type=application/json</arg>
<doc>Creates and returns a dictionary based on the given ``items``.</doc>
<msg timestamp="20230816 23:17:21.757" level="INFO">${headers} = {'accept': 'application/json', 'Content-Type': 'application/json'}</msg>
<status status="PASS" starttime="20230816 23:17:21.757" endtime="20230816 23:17:21.757"/>
</kw>
<kw name="Create Session" library="RequestsLibrary">
<arg>alias=ServeRest</arg>
<arg>url=https://serverest.dev</arg>
<arg>headers=${headers}</arg>
<doc>Create Session: create a HTTP session to a server</doc>
<msg timestamp="20230816 23:17:21.757" level="INFO">Creating Session using : alias=ServeRest, url=https://serverest.dev, headers={'accept': 'application/json', 'Content-Type': 'application/json'},                     cookies={}, auth=None, timeout=None, proxies=None, verify=False,                     debug=0 </msg>
<status status="PASS" starttime="20230816 23:17:21.757" endtime="20230816 23:17:21.757"/>
</kw>
<status status="PASS" starttime="20230816 23:17:21.757" endtime="20230816 23:17:21.757"/>
</kw>
<kw name="POST On Session" library="RequestsLibrary">
<var>${resposta}</var>
<arg>alias=ServeRest</arg>
<arg>url=/usuarios</arg>
<arg>json=${body}</arg>
<arg>expected_status=${status_code_desejado}</arg>
<doc>Sends a POST request on a previously created HTTP Session.</doc>
<msg timestamp="20230816 23:17:22.105" level="INFO">POST Request : url=https://serverest.dev/usuarios 
 path_url=/usuarios 
 headers={'User-Agent': 'python-requests/2.31.0', 'Accept-Encoding': 'gzip, deflate', 'accept': 'application/json', 'Connection': 'keep-alive', 'Content-Type': 'application/json', 'Content-Length': '114'} 
 body=b'{"nome": "Carol Teste API Maya", "email": "ooiv@yopmail.com", "password": "Password123@", "administrador": "true"}' 
 </msg>
<msg timestamp="20230816 23:17:22.105" level="INFO">POST Response : url=https://serverest.dev/usuarios 
 status=201, reason=Created 
 headers={'access-control-allow-origin': '*', 'x-dns-prefetch-control': 'off', 'x-frame-options': 'SAMEORIGIN', 'strict-transport-security': 'max-age=15552000; includeSubDomains', 'x-download-options': 'noopen', 'x-content-type-options': 'nosniff', 'x-xss-protection': '1; mode=block', 'x-moesif-transaction-id': '1b7d5e3c-a571-4edd-b7ab-2ff426caff06', 'content-type': 'application/json; charset=utf-8', 'X-Cloud-Trace-Context': '07213d4b2177ea9944c9dc88972d44cf', 'Date': 'Thu, 17 Aug 2023 02:17:22 GMT', 'Server': 'Google Frontend', 'Content-Length': '82'} 
 body={
    "message": "Cadastro realizado com sucesso",
    "_id": "uKMYVEvoLWEmFZhn"
} 
 </msg>
<msg timestamp="20230816 23:17:22.105" level="INFO">C:\Users\Carol Lemes\AppData\Local\Programs\Python\Python311\Lib\site-packages\urllib3\connectionpool.py:1095: InsecureRequestWarning: Unverified HTTPS request is being made to host 'serverest.dev'. Adding certificate verification is strongly advised. See: https://urllib3.readthedocs.io/en/latest/advanced-usage.html#tls-warnings
  warnings.warn(</msg>
<msg timestamp="20230816 23:17:22.105" level="INFO">${resposta} = &lt;Response [201]&gt;</msg>
<status status="PASS" starttime="20230816 23:17:21.757" endtime="20230816 23:17:22.105"/>
</kw>
<kw name="Log" library="BuiltIn">
<arg>${resposta.json()}</arg>
<doc>Logs the given message with the given level.</doc>
<msg timestamp="20230816 23:17:22.105" level="INFO">{'message': 'Cadastro realizado com sucesso', '_id': 'uKMYVEvoLWEmFZhn'}</msg>
<status status="PASS" starttime="20230816 23:17:22.105" endtime="20230816 23:17:22.105"/>
</kw>
<kw name="Set Test Variable" library="BuiltIn">
<arg>${RESPOSTA}</arg>
<arg>${resposta.json()}</arg>
<doc>Makes a variable available everywhere within the scope of the current test.</doc>
<msg timestamp="20230816 23:17:22.105" level="INFO">${RESPOSTA} = {'message': 'Cadastro realizado com sucesso', '_id': 'uKMYVEvoLWEmFZhn'}</msg>
<status status="PASS" starttime="20230816 23:17:22.105" endtime="20230816 23:17:22.105"/>
</kw>
<status status="PASS" starttime="20230816 23:17:21.757" endtime="20230816 23:17:22.105"/>
</kw>
<kw name="Conferir se o usuário foi cadastrado corretamente" library="api_testing_usuarios">
<kw name="Log" library="BuiltIn">
<arg>${RESPOSTA}</arg>
<doc>Logs the given message with the given level.</doc>
<msg timestamp="20230816 23:17:22.105" level="INFO">{'message': 'Cadastro realizado com sucesso', '_id': 'uKMYVEvoLWEmFZhn'}</msg>
<status status="PASS" starttime="20230816 23:17:22.105" endtime="20230816 23:17:22.105"/>
</kw>
<kw name="Dictionary Should Contain Item" library="Collections">
<arg>${RESPOSTA}</arg>
<arg>message</arg>
<arg>Cadastro realizado com sucesso</arg>
<doc>An item of ``key`` / ``value`` must be found in a ``dictionary``.</doc>
<status status="PASS" starttime="20230816 23:17:22.105" endtime="20230816 23:17:22.105"/>
</kw>
<kw name="Dictionary Should Contain Key" library="Collections">
<arg>${RESPOSTA}</arg>
<arg>_id</arg>
<doc>Fails if ``key`` is not found from ``dictionary``.</doc>
<status status="PASS" starttime="20230816 23:17:22.105" endtime="20230816 23:17:22.105"/>
</kw>
<status status="PASS" starttime="20230816 23:17:22.105" endtime="20230816 23:17:22.105"/>
</kw>
<status status="PASS" starttime="20230816 23:17:21.757" endtime="20230816 23:17:22.105"/>
</test>
<test id="s1-t2" name="Cadastrar um usuário já existente" line="13">
<kw name="Criar um usuário novo" library="api_testing_usuarios">
<kw name="Generate Random String" library="String">
<var>${palavra_aleatoria}</var>
<arg>length=4</arg>
<arg>chars=[LETTERS]</arg>
<doc>Generates a string with a desired ``length`` from the given ``chars``.</doc>
<msg timestamp="20230816 23:17:22.115" level="INFO">${palavra_aleatoria} = khno</msg>
<status status="PASS" starttime="20230816 23:17:22.115" endtime="20230816 23:17:22.115"/>
</kw>
<kw name="Convert To Lower Case" library="String">
<var>${palavra_aleatoria}</var>
<arg>${palavra_aleatoria}</arg>
<doc>Converts string to lower case.</doc>
<msg timestamp="20230816 23:17:22.117" level="INFO">${palavra_aleatoria} = khno</msg>
<status status="PASS" starttime="20230816 23:17:22.115" endtime="20230816 23:17:22.117"/>
</kw>
<kw name="Set Test Variable" library="BuiltIn">
<arg>${EMAIL_TEST}</arg>
<arg>${palavra_aleatoria}@yopmail.com</arg>
<doc>Makes a variable available everywhere within the scope of the current test.</doc>
<msg timestamp="20230816 23:17:22.118" level="INFO">${EMAIL_TEST} = khno@yopmail.com</msg>
<status status="PASS" starttime="20230816 23:17:22.117" endtime="20230816 23:17:22.118"/>
</kw>
<status status="PASS" starttime="20230816 23:17:22.105" endtime="20230816 23:17:22.118"/>
</kw>
<kw name="Cadastrar o usuário criado na ServeRest" library="api_testing_usuarios">
<arg>${EMAIL_TEST}</arg>
<arg>201</arg>
<kw name="Create Dictionary" library="BuiltIn">
<var>${body}</var>
<arg>nome=Carol Teste API Maya</arg>
<arg>email=${EMAIL_TEST}</arg>
<arg>password=Password123@</arg>
<arg>administrador=true</arg>
<doc>Creates and returns a dictionary based on the given ``items``.</doc>
<msg timestamp="20230816 23:17:22.118" level="INFO">${body} = {'nome': 'Carol Teste API Maya', 'email': 'khno@yopmail.com', 'password': 'Password123@', 'administrador': 'true'}</msg>
<status status="PASS" starttime="20230816 23:17:22.118" endtime="20230816 23:17:22.118"/>
</kw>
<kw name="Criar Sessão na ServeRest" library="api_testing_usuarios">
<kw name="Create Dictionary" library="BuiltIn">
<var>${headers}</var>
<arg>accept=application/json</arg>
<arg>Content-Type=application/json</arg>
<doc>Creates and returns a dictionary based on the given ``items``.</doc>
<msg timestamp="20230816 23:17:22.120" level="INFO">${headers} = {'accept': 'application/json', 'Content-Type': 'application/json'}</msg>
<status status="PASS" starttime="20230816 23:17:22.118" endtime="20230816 23:17:22.120"/>
</kw>
<kw name="Create Session" library="RequestsLibrary">
<arg>alias=ServeRest</arg>
<arg>url=https://serverest.dev</arg>
<arg>headers=${headers}</arg>
<doc>Create Session: create a HTTP session to a server</doc>
<msg timestamp="20230816 23:17:22.120" level="INFO">Creating Session using : alias=ServeRest, url=https://serverest.dev, headers={'accept': 'application/json', 'Content-Type': 'application/json'},                     cookies={}, auth=None, timeout=None, proxies=None, verify=False,                     debug=0 </msg>
<status status="PASS" starttime="20230816 23:17:22.120" endtime="20230816 23:17:22.121"/>
</kw>
<status status="PASS" starttime="20230816 23:17:22.118" endtime="20230816 23:17:22.121"/>
</kw>
<kw name="POST On Session" library="RequestsLibrary">
<var>${resposta}</var>
<arg>alias=ServeRest</arg>
<arg>url=/usuarios</arg>
<arg>json=${body}</arg>
<arg>expected_status=${status_code_desejado}</arg>
<doc>Sends a POST request on a previously created HTTP Session.</doc>
<msg timestamp="20230816 23:17:22.450" level="INFO">POST Request : url=https://serverest.dev/usuarios 
 path_url=/usuarios 
 headers={'User-Agent': 'python-requests/2.31.0', 'Accept-Encoding': 'gzip, deflate', 'accept': 'application/json', 'Connection': 'keep-alive', 'Content-Type': 'application/json', 'Content-Length': '114'} 
 body=b'{"nome": "Carol Teste API Maya", "email": "khno@yopmail.com", "password": "Password123@", "administrador": "true"}' 
 </msg>
<msg timestamp="20230816 23:17:22.450" level="INFO">POST Response : url=https://serverest.dev/usuarios 
 status=201, reason=Created 
 headers={'access-control-allow-origin': '*', 'x-dns-prefetch-control': 'off', 'x-frame-options': 'SAMEORIGIN', 'strict-transport-security': 'max-age=15552000; includeSubDomains', 'x-download-options': 'noopen', 'x-content-type-options': 'nosniff', 'x-xss-protection': '1; mode=block', 'x-moesif-transaction-id': '0058a8a3-8999-4cd5-9b0f-175af12c9085', 'content-type': 'application/json; charset=utf-8', 'X-Cloud-Trace-Context': '45cb37a69dc0d689cfec189d4f293a50', 'Date': 'Thu, 17 Aug 2023 02:17:22 GMT', 'Server': 'Google Frontend', 'Content-Length': '82'} 
 body={
    "message": "Cadastro realizado com sucesso",
    "_id": "UYd0WGIoou6KHzB1"
} 
 </msg>
<msg timestamp="20230816 23:17:22.450" level="INFO">C:\Users\Carol Lemes\AppData\Local\Programs\Python\Python311\Lib\site-packages\urllib3\connectionpool.py:1095: InsecureRequestWarning: Unverified HTTPS request is being made to host 'serverest.dev'. Adding certificate verification is strongly advised. See: https://urllib3.readthedocs.io/en/latest/advanced-usage.html#tls-warnings
  warnings.warn(</msg>
<msg timestamp="20230816 23:17:22.450" level="INFO">${resposta} = &lt;Response [201]&gt;</msg>
<status status="PASS" starttime="20230816 23:17:22.121" endtime="20230816 23:17:22.450"/>
</kw>
<kw name="Log" library="BuiltIn">
<arg>${resposta.json()}</arg>
<doc>Logs the given message with the given level.</doc>
<msg timestamp="20230816 23:17:22.451" level="INFO">{'message': 'Cadastro realizado com sucesso', '_id': 'UYd0WGIoou6KHzB1'}</msg>
<status status="PASS" starttime="20230816 23:17:22.451" endtime="20230816 23:17:22.451"/>
</kw>
<kw name="Set Test Variable" library="BuiltIn">
<arg>${RESPOSTA}</arg>
<arg>${resposta.json()}</arg>
<doc>Makes a variable available everywhere within the scope of the current test.</doc>
<msg timestamp="20230816 23:17:22.452" level="INFO">${RESPOSTA} = {'message': 'Cadastro realizado com sucesso', '_id': 'UYd0WGIoou6KHzB1'}</msg>
<status status="PASS" starttime="20230816 23:17:22.451" endtime="20230816 23:17:22.452"/>
</kw>
<status status="PASS" starttime="20230816 23:17:22.118" endtime="20230816 23:17:22.452"/>
</kw>
<kw name="Repetir o cadastro do usuário" library="api_testing_usuarios">
<kw name="Cadastrar o usuário criado na ServeRest" library="api_testing_usuarios">
<arg>${EMAIL_TEST}</arg>
<arg>400</arg>
<kw name="Create Dictionary" library="BuiltIn">
<var>${body}</var>
<arg>nome=Carol Teste API Maya</arg>
<arg>email=${EMAIL_TEST}</arg>
<arg>password=Password123@</arg>
<arg>administrador=true</arg>
<doc>Creates and returns a dictionary based on the given ``items``.</doc>
<msg timestamp="20230816 23:17:22.453" level="INFO">${body} = {'nome': 'Carol Teste API Maya', 'email': 'khno@yopmail.com', 'password': 'Password123@', 'administrador': 'true'}</msg>
<status status="PASS" starttime="20230816 23:17:22.453" endtime="20230816 23:17:22.453"/>
</kw>
<kw name="Criar Sessão na ServeRest" library="api_testing_usuarios">
<kw name="Create Dictionary" library="BuiltIn">
<var>${headers}</var>
<arg>accept=application/json</arg>
<arg>Content-Type=application/json</arg>
<doc>Creates and returns a dictionary based on the given ``items``.</doc>
<msg timestamp="20230816 23:17:22.454" level="INFO">${headers} = {'accept': 'application/json', 'Content-Type': 'application/json'}</msg>
<status status="PASS" starttime="20230816 23:17:22.453" endtime="20230816 23:17:22.454"/>
</kw>
<kw name="Create Session" library="RequestsLibrary">
<arg>alias=ServeRest</arg>
<arg>url=https://serverest.dev</arg>
<arg>headers=${headers}</arg>
<doc>Create Session: create a HTTP session to a server</doc>
<msg timestamp="20230816 23:17:22.454" level="INFO">Creating Session using : alias=ServeRest, url=https://serverest.dev, headers={'accept': 'application/json', 'Content-Type': 'application/json'},                     cookies={}, auth=None, timeout=None, proxies=None, verify=False,                     debug=0 </msg>
<status status="PASS" starttime="20230816 23:17:22.454" endtime="20230816 23:17:22.454"/>
</kw>
<status status="PASS" starttime="20230816 23:17:22.453" endtime="20230816 23:17:22.454"/>
</kw>
<kw name="POST On Session" library="RequestsLibrary">
<var>${resposta}</var>
<arg>alias=ServeRest</arg>
<arg>url=/usuarios</arg>
<arg>json=${body}</arg>
<arg>expected_status=${status_code_desejado}</arg>
<doc>Sends a POST request on a previously created HTTP Session.</doc>
<msg timestamp="20230816 23:17:22.776" level="INFO">POST Request : url=https://serverest.dev/usuarios 
 path_url=/usuarios 
 headers={'User-Agent': 'python-requests/2.31.0', 'Accept-Encoding': 'gzip, deflate', 'accept': 'application/json', 'Connection': 'keep-alive', 'Content-Type': 'application/json', 'Content-Length': '114'} 
 body=b'{"nome": "Carol Teste API Maya", "email": "khno@yopmail.com", "password": "Password123@", "administrador": "true"}' 
 </msg>
<msg timestamp="20230816 23:17:22.776" level="INFO">POST Response : url=https://serverest.dev/usuarios 
 status=400, reason=Bad Request 
 headers={'access-control-allow-origin': '*', 'x-dns-prefetch-control': 'off', 'x-frame-options': 'SAMEORIGIN', 'strict-transport-security': 'max-age=15552000; includeSubDomains', 'x-download-options': 'noopen', 'x-content-type-options': 'nosniff', 'x-xss-protection': '1; mode=block', 'x-moesif-transaction-id': '2a82af25-7d6b-47a1-869f-a28fd05dd614', 'content-type': 'application/json; charset=utf-8', 'X-Cloud-Trace-Context': 'c78bc002daafc75bc907a3753a84d023', 'Date': 'Thu, 17 Aug 2023 02:17:22 GMT', 'Server': 'Google Frontend', 'Content-Length': '53'} 
 body={
    "message": "Este email já está sendo usado"
} 
 </msg>
<msg timestamp="20230816 23:17:22.776" level="INFO">C:\Users\Carol Lemes\AppData\Local\Programs\Python\Python311\Lib\site-packages\urllib3\connectionpool.py:1095: InsecureRequestWarning: Unverified HTTPS request is being made to host 'serverest.dev'. Adding certificate verification is strongly advised. See: https://urllib3.readthedocs.io/en/latest/advanced-usage.html#tls-warnings
  warnings.warn(</msg>
<msg timestamp="20230816 23:17:22.777" level="INFO">${resposta} = &lt;Response [400]&gt;</msg>
<status status="PASS" starttime="20230816 23:17:22.454" endtime="20230816 23:17:22.777"/>
</kw>
<kw name="Log" library="BuiltIn">
<arg>${resposta.json()}</arg>
<doc>Logs the given message with the given level.</doc>
<msg timestamp="20230816 23:17:22.778" level="INFO">{'message': 'Este email já está sendo usado'}</msg>
<status status="PASS" starttime="20230816 23:17:22.777" endtime="20230816 23:17:22.778"/>
</kw>
<kw name="Set Test Variable" library="BuiltIn">
<arg>${RESPOSTA}</arg>
<arg>${resposta.json()}</arg>
<doc>Makes a variable available everywhere within the scope of the current test.</doc>
<msg timestamp="20230816 23:17:22.778" level="INFO">${RESPOSTA} = {'message': 'Este email já está sendo usado'}</msg>
<status status="PASS" starttime="20230816 23:17:22.778" endtime="20230816 23:17:22.778"/>
</kw>
<status status="PASS" starttime="20230816 23:17:22.453" endtime="20230816 23:17:22.778"/>
</kw>
<status status="PASS" starttime="20230816 23:17:22.453" endtime="20230816 23:17:22.778"/>
</kw>
<kw name="Verificar se a API não permitiu o cadastro repetido" library="api_testing_usuarios">
<kw name="Dictionary Should Contain Item" library="Collections">
<arg>${RESPOSTA}</arg>
<arg>message</arg>
<arg>Este email já está sendo usado</arg>
<doc>An item of ``key`` / ``value`` must be found in a ``dictionary``.</doc>
<status status="PASS" starttime="20230816 23:17:22.779" endtime="20230816 23:17:22.779"/>
</kw>
<status status="PASS" starttime="20230816 23:17:22.779" endtime="20230816 23:17:22.779"/>
</kw>
<status status="PASS" starttime="20230816 23:17:22.105" endtime="20230816 23:17:22.780"/>
</test>
<status status="PASS" starttime="20230816 23:17:21.646" endtime="20230816 23:17:22.781"/>
</suite>
<statistics>
<total>
<stat pass="2" fail="0" skip="0">All Tests</stat>
</total>
<tag>
</tag>
<suite>
<stat pass="2" fail="0" skip="0" id="s1" name="Api Testing Usuarios">Api Testing Usuarios</stat>
</suite>
</statistics>
<errors>
</errors>
</robot>
